[17:26:47.060] [INFO] Checking the health of your Storybook..
[17:26:47.061] [DEBUG] Getting Storybook info...
[17:26:47.062] [DEBUG] Loading main config...
[17:26:47.118] [DEBUG] Getting stories paths...
[17:26:47.136] [DEBUG] Getting package manager...
[17:26:47.499] [DEBUG] Getting Storybook version...
[17:26:48.962] [DEBUG] An issue occurred while trying to find dependencies metadata using npm.
[17:26:48.962] [WARN] .storybook: 1 issue found
[17:26:48.963] [INFO] You are currently using Storybook 9.0.13 but you have packages which are incompatible with it:

- @storybook/addon-essentials@8.6.14 which depends on 8.6.14
 Repo: https://github.com/storybookjs/storybook/tree/next/code/addons/essentials
- @storybook/addon-interactions@8.6.14 which depends on 8.6.14
 Repo: https://github.com/storybookjs/storybook/tree/next/code/addons/interactions
- @storybook/blocks@8.6.14 which depends on ^8.6.14
 Repo: https://github.com/storybookjs/storybook/tree/next/code/lib/blocks
- @storybook/test@8.6.14 which depends on 8.6.14
 Repo: https://github.com/storybookjs/storybook/tree/next/code/lib/test

Please consider updating your packages or contacting the maintainers for compatibility details.

For more on Storybook 9 compatibility, see the linked GitHub issue:
https://github.com/storybookjs/storybook/issues/30944
[17:26:48.970] [INFO] Storybook doctor is complete!
[17:26:48.970] [INFO] You can always recheck the health of your project(s) by running:
npx storybook doctor